{
  "timestamp": "2025-10-05T22:35:33.865316+00:00",
  "test_summary": {
    "basic_tests": 5,
    "basic_passed": 5,
    "enhanced_tests": 4,
    "enhanced_passed": 0,
    "pytest_available": true,
    "pytest_passed": false
  },
  "basic_test_results": [
    {
      "name": "Core Python modules",
      "passed": true,
      "details": "All core modules available"
    },
    {
      "name": "Configuration loading",
      "passed": true,
      "details": "Loaded 15 companies, 118 keywords"
    },
    {
      "name": "Basic content analysis",
      "passed": true,
      "details": "Found 1 companies, 4 keywords"
    },
    {
      "name": "File system operations",
      "passed": true,
      "details": "File I/O working correctly"
    },
    {
      "name": "Date/time handling",
      "passed": true,
      "details": "Timezone-aware datetime working"
    }
  ],
  "enhanced_test_results": [
    {
      "name": "Database models",
      "passed": false,
      "details": "SQLAlchemy not available: No module named 'sqlalchemy'"
    },
    {
      "name": "API schemas",
      "passed": false,
      "details": "Pydantic not available: No module named 'pydantic'"
    },
    {
      "name": "Authentication",
      "passed": false,
      "details": "Auth dependencies not available: No module named 'jose'"
    },
    {
      "name": "Rate limiting config",
      "passed": false,
      "details": "Rate limiting not available: No module named 'redis'"
    }
  ],
  "pytest_output": "============================= test session starts ==============================\nplatform darwin -- Python 3.10.11, pytest-8.4.2, pluggy-1.6.0 -- /Library/Frameworks/Python.framework/Versions/3.10/bin/python3\ncachedir: .pytest_cache\nrootdir: /Users/computer\nconfigfile: pyproject.toml\nplugins: asyncio-1.2.0, cov-7.0.0\nasyncio: mode=strict, debug=False, asyncio_default_fixture_loop_scope=None, asyncio_default_test_loop_scope=function\ncollecting ... collected 105 items\n\ntests/test_email_notifier.py::TestEmailNotifier::test_content_sanitization PASSED [  0%]\ntests/test_email_notifier.py::TestEmailNotifier::test_email_config_validation FAILED [  1%]\n\n=================================== FAILURES ===================================\n________________ TestEmailNotifier.test_email_config_validation ________________\ntests/test_email_notifier.py:99: in test_email_config_validation\n    self.assertTrue(notifier._validate_email_config())\nE   AssertionError: False is not true\n------------------------------ Captured log call -------------------------------\nWARNING  email_notifier:email_notifier.py:29 Email configuration incomplete. Email notifications will be disabled.\nERROR    email_notifier:email_notifier.py:129 Email configuration validation error: expected string or bytes-like object\n=========================== short test summary info ============================\nFAILED tests/test_email_notifier.py::TestEmailNotifier::test_email_config_validation\n!!!!!!!!!!!!!!!!!!!!!!!!!! stopping after 1 failures !!!!!!!!!!!!!!!!!!!!!!!!!!!\n========================= 1 failed, 1 passed in 1.69s ==========================\n"
}